C51 COMPILER V9.01   IO                                                                    09/15/2015 09:49:57 PAGE 1   


C51 COMPILER V9.01, COMPILATION OF MODULE IO
OBJECT MODULE PLACED IN IO.OBJ
COMPILER INVOKED BY: C:\Keil\C51\BIN\C51.EXE IO.C BROWSE MOD517(NOAU) DEBUG OBJECTEXTEND

line level    source

   1          //****************************************************************************
   2          // @Module        GPIO
   3          // @Filename      IO.C
   4          // @Project       ssc.dav
   5          //----------------------------------------------------------------------------
   6          // @Controller    Infineon XC886CLM-8FF
   7          //
   8          // @Compiler      Keil
   9          //
  10          // @Codegenerator 1.3
  11          //
  12          // @Description:  This file contains functions that use the IO module.
  13          //
  14          //----------------------------------------------------------------------------
  15          // @Date          2015/9/2 12:35:11
  16          //
  17          //****************************************************************************
  18          
  19          // USER CODE BEGIN (IO_General,1)
  20          
  21          // USER CODE END
  22          
  23          
  24          
  25          //****************************************************************************
  26          // @Project Includes
  27          //****************************************************************************
  28          
  29          #include "MAIN.H"
  30          
  31          // USER CODE BEGIN (IO_General,2)
  32          
  33          // USER CODE END
  34          
  35          
  36          //****************************************************************************
  37          // @Macros
  38          //****************************************************************************
  39          
  40          // USER CODE BEGIN (IO_General,3)
  41          
  42          // USER CODE END
  43          
  44          
  45          //****************************************************************************
  46          // @Defines
  47          //****************************************************************************
  48          
  49          // USER CODE BEGIN (IO_General,4)
  50          
  51          // USER CODE END
  52          
  53          
  54          //****************************************************************************
  55          // @Typedefs
C51 COMPILER V9.01   IO                                                                    09/15/2015 09:49:57 PAGE 2   

  56          //****************************************************************************
  57          
  58          // USER CODE BEGIN (IO_General,5)
  59          
  60          // USER CODE END
  61          
  62          
  63          //****************************************************************************
  64          // @Imported Global Variables
  65          //****************************************************************************
  66          
  67          // USER CODE BEGIN (IO_General,6)
  68          
  69          // USER CODE END
  70          
  71          
  72          //****************************************************************************
  73          // @Global Variables
  74          //****************************************************************************
  75          
  76          // USER CODE BEGIN (IO_General,7)
  77          
  78          // USER CODE END
  79          
  80          
  81          //****************************************************************************
  82          // @External Prototypes
  83          //****************************************************************************
  84          
  85          // USER CODE BEGIN (IO_General,8)
  86          
  87          // USER CODE END
  88          
  89          
  90          //****************************************************************************
  91          // @Prototypes Of Local Functions
  92          //****************************************************************************
  93          
  94          // USER CODE BEGIN (IO_General,9)
  95          
  96          // USER CODE END
  97          
  98          
  99          //****************************************************************************
 100          // @Function      void IO_vInit(void) 
 101          //
 102          //----------------------------------------------------------------------------
 103          // @Description   This is the initialization function of the IO function 
 104          //                library. It is assumed that the SFRs used by this library 
 105          //                are in their reset state. 
 106          //
 107          //----------------------------------------------------------------------------
 108          // @Returnvalue   None
 109          //
 110          //----------------------------------------------------------------------------
 111          // @Parameters    None
 112          //
 113          //----------------------------------------------------------------------------
 114          // @Date          2015/9/2
 115          //
 116          //****************************************************************************
 117          
C51 COMPILER V9.01   IO                                                                    09/15/2015 09:49:57 PAGE 3   

 118          // USER CODE BEGIN (IO_Init,1)
 119          
 120          // USER CODE END
 121          
 122          void IO_vInit(void)
 123          {
 124   1        // USER CODE BEGIN (IO_Init,2)
 125   1      
 126   1        // USER CODE END
 127   1      
 128   1      
 129   1        ///  ***********************************************************************
 130   1        ///  Note : All peripheral related IO configurations are done in the 
 131   1        ///  respective peripheral modules (alternate functions selection)
 132   1        ///  
 133   1        ///  If no pins are selected DAvE assumes that registers are in default 
 134   1        ///  settings
 135   1        ///  ***********************************************************************
 136   1      
 137   1        ///  -----------------------------------------------------------------------
 138   1        ///  Configuration of Port P0:
 139   1        ///  -----------------------------------------------------------------------
 140   1        ///  - no pin of port P0 is used
 141   1      
 142   1      
 143   1        ///  -----------------------------------------------------------------------
 144   1        ///  Configuration of Port P1:
 145   1        ///  -----------------------------------------------------------------------
 146   1        ///  P1.2:
 147   1        ///  - is used as alternate output for the SSC Clock Output
 148   1        ///  - push/pull output is selected
 149   1        ///  - pull-up device is assigned
 150   1        ///  P1.3:
 151   1        ///  - is used as alternate output for the SSC Master Transmit Output
 152   1        ///  - push/pull output is selected
 153   1        ///  - pull-up device is assigned
 154   1        ///  P1.4:
 155   1        ///  - is used as alternate input for the SSC Master Receive Input
 156   1        ///  - pull-up device is assigned
 157   1        ///  P1.5:
 158   1        ///  - is used as general purpose output
 159   1        ///  - push/pull output is selected
 160   1        ///  - the pin status is low level
 161   1        ///  - pull-up device is assigned
 162   1      
 163   1      
 164   1        P1_DIR        =  0x20;         // load direction register
 165   1      
 166   1        ///  -----------------------------------------------------------------------
 167   1        ///  Configuration of Port P2:
 168   1        ///  -----------------------------------------------------------------------
 169   1        ///  - no pin of port P2 is used
 170   1      
 171   1      
 172   1        ///  -----------------------------------------------------------------------
 173   1        ///  Configuration of Port P3:
 174   1        ///  -----------------------------------------------------------------------
 175   1        ///  - no pin of port P3 is used
 176   1      
 177   1      
 178   1        ///  -----------------------------------------------------------------------
 179   1        ///  Configuration of Port P4:
C51 COMPILER V9.01   IO                                                                    09/15/2015 09:49:57 PAGE 4   

 180   1        ///  -----------------------------------------------------------------------
 181   1        ///  P4.3:
 182   1        ///  - is used as general purpose output
 183   1        ///  - push/pull output is selected
 184   1        ///  - the pin status is low level
 185   1        ///  - pull device is disabled (tristate) 
 186   1      
 187   1      
 188   1       // P4_DIR        =  0x08;         // load direction register
 189   1      
 190   1      
 191   1        // USER CODE BEGIN (IO_Init,3)
 192   1      
 193   1        // USER CODE END
 194   1      
 195   1      } //  End of function IO_vInit
 196          
 197          
 198          
 199          
 200          // USER CODE BEGIN (IO_General,10)
 201          //      P1_DATA=0x00;
 202          // USER CODE END
 203          


MODULE INFORMATION:   STATIC OVERLAYABLE
   CODE SIZE        =      4    ----
   CONSTANT SIZE    =   ----    ----
   XDATA SIZE       =   ----    ----
   PDATA SIZE       =   ----    ----
   DATA SIZE        =   ----    ----
   IDATA SIZE       =   ----    ----
   BIT SIZE         =   ----    ----
END OF MODULE INFORMATION.


C51 COMPILATION COMPLETE.  0 WARNING(S),  0 ERROR(S)
