C51 COMPILER V9.01   MAIN                                                                  09/15/2015 09:49:57 PAGE 1   


C51 COMPILER V9.01, COMPILATION OF MODULE MAIN
OBJECT MODULE PLACED IN MAIN.OBJ
COMPILER INVOKED BY: C:\Keil\C51\BIN\C51.EXE MAIN.C BROWSE MOD517(NOAU) DEBUG OBJECTEXTEND

line level    source

   1          //****************************************************************************
   2          // @Module        Project Settings
   3          // @Filename      MAIN.C
   4          // @Project       ssc.dav
   5          //----------------------------------------------------------------------------
   6          // @Controller    Infineon XC886CLM-8FF
   7          //
   8          // @Compiler      Keil
   9          //
  10          // @Codegenerator 1.3
  11          //
  12          // @Description   This file contains the Project initialization function.
  13          //
  14          //----------------------------------------------------------------------------
  15          // @Date          2015/9/2 12:35:11
  16          //
  17          //****************************************************************************
  18          
  19          // USER CODE BEGIN (MAIN_General,1)
  20          
  21          // USER CODE END
  22          
  23          
  24          
  25          //****************************************************************************
  26          // @Project Includes
  27          //****************************************************************************
  28          
  29          #include "MAIN.H"
  30          
  31          // USER CODE BEGIN (MAIN_General,2)
  32          
  33          // USER CODE END
  34          
  35          
  36          //****************************************************************************
  37          // @Macros
  38          //****************************************************************************
  39          
  40          // USER CODE BEGIN (MAIN_General,3)
  41          
  42          // USER CODE END
  43          
  44          
  45          //****************************************************************************
  46          // @Defines
  47          //****************************************************************************
  48          
  49          // USER CODE BEGIN (MAIN_General,4)
  50          
  51          // USER CODE END
  52          
  53          
  54          //****************************************************************************
  55          // @Typedefs
C51 COMPILER V9.01   MAIN                                                                  09/15/2015 09:49:57 PAGE 2   

  56          //****************************************************************************
  57          
  58          // USER CODE BEGIN (MAIN_General,5)
  59          
  60          // USER CODE END
  61          
  62          
  63          //****************************************************************************
  64          // @Imported Global Variables
  65          //****************************************************************************
  66          
  67          // USER CODE BEGIN (MAIN_General,6)
  68          
  69          // USER CODE END
  70          
  71          
  72          //****************************************************************************
  73          // @Global Variables
  74          //****************************************************************************
  75          
  76          // USER CODE BEGIN (MAIN_General,7)
  77          
  78          // USER CODE END
  79          
  80          
  81          //****************************************************************************
  82          // @External Prototypes
  83          //****************************************************************************
  84          
  85          
  86          // USER CODE BEGIN (MAIN_General,8)
  87          
  88          // USER CODE END
  89          
  90          
  91          //****************************************************************************
  92          // @Prototypes Of Local Functions
  93          //****************************************************************************
  94          
  95          // USER CODE BEGIN (MAIN_General,9)
  96                   void WatchDogInit();
  97                   void WatchDog();
  98                   void WatchDogDisable();
  99          // USER CODE END
 100          
 101          
 102          //****************************************************************************
 103          // @Function      void MAIN_vInit(void) 
 104          //
 105          //----------------------------------------------------------------------------
 106          // @Description   This function initializes the microcontroller. It is 
 107          //                assumed that the SFRs are in their reset state.
 108          //
 109          //----------------------------------------------------------------------------
 110          // @Returnvalue   None
 111          //
 112          //----------------------------------------------------------------------------
 113          // @Parameters    None
 114          //
 115          //----------------------------------------------------------------------------
 116          // @Date          2015/9/2
 117          //
C51 COMPILER V9.01   MAIN                                                                  09/15/2015 09:49:57 PAGE 3   

 118          //****************************************************************************
 119          
 120          // USER CODE BEGIN (MAIN_Init,1)
 121          
 122          // USER CODE END
 123          
 124          void MAIN_vInit(void)
 125          {
 126   1        // USER CODE BEGIN (MAIN_Init,2)
 127   1      
 128   1        // USER CODE END
 129   1      
 130   1        ///  -----------------------------------------------------------------------
 131   1        ///  Configuration of the System Clock:
 132   1        ///  -----------------------------------------------------------------------
 133   1        ///  - On Chip Osc is Selected
 134   1        ///  - PLL Mode, NDIV =  20
 135   1        ///  - input frequency is 9.6 MHz
 136   1      
 137   1      
 138   1      
 139   1        //   FCLK runs at 2 times the frequency of PCLK.
 140   1        SFR_PAGE(_su1, noSST);         // switch to page1
 141   1      
 142   1        CMCON         =  0x10;         // load Clock Control Register
 143   1      
 144   1        SFR_PAGE(_su0, noSST);         // switch to page0
 145   1      
 146   1      
 147   1        ///  *********************************************************************************
 148   1        ///  Note : All peripheral related IO configurations are done in the 
 149   1        ///  respective peripheral modules (alternate functions selection)
 150   1        ///  *********************************************************************************
 151   1      
 152   1        ///  Initialization of module 'GPIO'
 153   1        IO_vInit();
 154   1      
 155   1        ///  Initialization of module 'Timer 0/1'
 156   1        T01_vInit();
 157   1      
 158   1        ///  Initialization of module 'High Speed Synchronous Serial Interface(SSC)'
 159   1        SSC_vInit();
 160   1      
 161   1      
 162   1        //   Interrupt Priority
 163   1      
 164   1        IP            =  0x00;         // load Interrupt Priority Register
 165   1        IPH           =  0x00;         // load Interrupt Priority High Register
 166   1        IP1           =  0x00;         // load Interrupt Priority 1 Register
 167   1        IPH1          =  0x00;         // load Interrupt Priority 1 High Register
 168   1      
 169   1      
 170   1        // USER CODE BEGIN (MAIN_Init,3)
 171   1      
 172   1        // USER CODE END
 173   1      
 174   1        //// Interrupt structure 2 mode 0 is selected.
 175   1      
 176   1        //// Interrupt service routine choice 2 is selected.
 177   1      
 178   1        //   globally enable interrupts
 179   1        EA            =  0;           
C51 COMPILER V9.01   MAIN                                                                  09/15/2015 09:49:57 PAGE 4   

 180   1      
 181   1      } //  End of function MAIN_vInit
 182          
 183          
 184          //****************************************************************************
 185          // @Function      void main(void) 
 186          //
 187          //----------------------------------------------------------------------------
 188          // @Description   This is the main function.
 189          //
 190          //----------------------------------------------------------------------------
 191          // @Returnvalue   None
 192          //
 193          //----------------------------------------------------------------------------
 194          // @Parameters    None
 195          //
 196          //----------------------------------------------------------------------------
 197          // @Date          2015/9/2
 198          //
 199          //****************************************************************************
 200          
 201          // USER CODE BEGIN (MAIN_Main,1)
 202                                  ubyte dat=0x05;
 203                                  uword feeding_times     ;
 204          // USER CODE END
 205          
 206          void main(void)
 207          {
 208   1        // USER CODE BEGIN (MAIN_Main,2)
 209   1              
 210   1        // USER CODE END
 211   1      
 212   1        MAIN_vInit();
 213   1      
 214   1        // USER CODE BEGIN (MAIN_Main,3)
 215   1              
 216   1              WatchDogInit();
 217   1          EA            =  1;   
 218   1        // USER CODE END
 219   1      
 220   1       
 221   1      
 222   1        // USER CODE BEGIN (MAIN_Main,4)
 223   1         while(1)
 224   1        {
 225   2                      WatchDog();
 226   2        }
 227   1      
 228   1      } //  End of function main
 229          
 230          
 231          // USER CODE BEGIN (MAIN_General,10)
 232             void WatchDogInit()
 233          {
 234   1              P4_DIR        =  0x08; //IO_vSetOutput(P4, 0x08);
 235   1              feeding_times=0;
 236   1              IO_vResetPin(P4_3);
 237   1              IO_vSetPin(P4_3);
 238   1      }
 239          void WatchDog()
 240          {
 241   1              if(feeding_times>=20)//feeding_times*5ms
C51 COMPILER V9.01   MAIN                                                                  09/15/2015 09:49:57 PAGE 5   

 242   1              {
 243   2                      feeding_times=0;
 244   2                      IO_vResetPin(P4_3);
 245   2                      IO_vSetPin(P4_3);
 246   2              }
 247   1              else
 248   1              {
 249   2                      //feeding_times++;
 250   2              }
 251   1      
 252   1      }
 253          void WatchDogDisable()
 254          {
 255   1              IO_vSetInput(P4, 0x08);
 256   1      }
 257          // USER CODE END
 258          


MODULE INFORMATION:   STATIC OVERLAYABLE
   CODE SIZE        =    100    ----
   CONSTANT SIZE    =   ----    ----
   XDATA SIZE       =   ----    ----
   PDATA SIZE       =   ----    ----
   DATA SIZE        =      3       1
   IDATA SIZE       =   ----    ----
   BIT SIZE         =   ----    ----
END OF MODULE INFORMATION.


C51 COMPILATION COMPLETE.  0 WARNING(S),  0 ERROR(S)
