C51 COMPILER V9.01   MESSAGE                                                               09/15/2015 09:49:57 PAGE 1   


C51 COMPILER V9.01, COMPILATION OF MODULE MESSAGE
OBJECT MODULE PLACED IN message.OBJ
COMPILER INVOKED BY: C:\Keil\C51\BIN\C51.EXE message.c BROWSE MOD517(NOAU) DEBUG OBJECTEXTEND

line level    source

   1          //message.c
   2          #include "main.h"
   3          
   4          unsigned char transfbuf[32];
   5          unsigned char rcvbuf[32];
   6          
   7          void send(msg_header send)
   8          {
   9   1              unsigned char* transfptr=transfbuf;
  10   1              unsigned char* rcvptr=rcvbuf;
  11   1              SSC_vSendData(send.type);
  12   1              while(SSC_ubBusy() ); 
  13   1              SSC_vGetData();
  14   1              SSC_vSendData(send.len);
  15   1              while(SSC_ubBusy() ); 
  16   1              SSC_vGetData();
  17   1              while(send.len>2){
  18   2                      SSC_vSendData(*transfptr++);
  19   2                      while(SSC_ubBusy() ); 
  20   2                      *rcvptr++=SSC_vGetData();
  21   2      
  22   2                      send.len--;
  23   2              }
  24   1      
  25   1      }


MODULE INFORMATION:   STATIC OVERLAYABLE
   CODE SIZE        =    103    ----
   CONSTANT SIZE    =   ----    ----
   XDATA SIZE       =   ----    ----
   PDATA SIZE       =   ----    ----
   DATA SIZE        =     64       8
   IDATA SIZE       =   ----    ----
   BIT SIZE         =   ----    ----
END OF MODULE INFORMATION.


C51 COMPILATION COMPLETE.  0 WARNING(S),  0 ERROR(S)
